<?xml version="1.0" encoding="UTF-8"?>
<!-- Generated by org.testng.reporters.JUnitReportReporter -->
<testsuite skipped="0" hostname="LAPTOP-JTN9MFLK" name="mavenpom.Mvnwithpom.CheckValidUserTest" tests="1" failures="0" timestamp="06 Jul 2020 03:11:00 GMT" time="43.631" errors="0">
  <testcase name="verifyvaliduser" time="43.631" classname="mavenpom.Mvnwithpom.CheckValidUserTest"/>
</testsuite> <!-- mavenpom.Mvnwithpom.CheckValidUserTest -->
